{
  "RSpec": {
    "coverage": {
      "/home/erbrewer/Documents/Github/selt2022_teamprojects-team-6/app/helpers/application_helper.rb": {
        "lines": [
          1,
          null
        ]
      },
      "/home/erbrewer/Documents/Github/selt2022_teamprojects-team-6/app/helpers/movies_helper.rb": {
        "lines": [
          1,
          null,
          1,
          0,
          null,
          null
        ]
      },
      "/home/erbrewer/Documents/Github/selt2022_teamprojects-team-6/app/controllers/faculty_members_controller.rb": {
        "lines": [
          1,
          null,
          1,
          null,
          null,
          1,
          0,
          null,
          0,
          0,
          null,
          null,
          1,
          1,
          null,
          null,
          1,
          2,
          2,
          1,
          1,
          null,
          1,
          1,
          1,
          null,
          null,
          1,
          1,
          1,
          1,
          1,
          1,
          null,
          null,
          1,
          1,
          1,
          1,
          null,
          null,
          null
        ]
      },
      "/home/erbrewer/Documents/Github/selt2022_teamprojects-team-6/app/controllers/application_controller.rb": {
        "lines": [
          1,
          null,
          null,
          1,
          null
        ]
      },
      "/home/erbrewer/Documents/Github/selt2022_teamprojects-team-6/app/models/faculty_member.rb": {
        "lines": [
          1,
          null,
          1,
          null,
          null,
          null
        ]
      },
      "/home/erbrewer/Documents/Github/selt2022_teamprojects-team-6/app/models/evaluation.rb": {
        "lines": [
          1,
          null,
          null
        ]
      },
      "/home/erbrewer/Documents/Github/selt2022_teamprojects-team-6/app/models/student.rb": {
        "lines": [
          1,
          null,
          1,
          null,
          null
        ]
      },
      "/home/erbrewer/Documents/Github/selt2022_teamprojects-team-6/app/controllers/main_controller.rb": {
        "lines": [
          0,
          0,
          0,
          0,
          0,
          null,
          0,
          0,
          0,
          0,
          0,
          0,
          0,
          0,
          null,
          0,
          0,
          0,
          0,
          0,
          0,
          0,
          0,
          0,
          0,
          0,
          0,
          null,
          0,
          null,
          0,
          0,
          0,
          0,
          0,
          0,
          0,
          0,
          0,
          0,
          0,
          0,
          0,
          0,
          0,
          null,
          0,
          0,
          0,
          0,
          0,
          0,
          0,
          null,
          null,
          0,
          0,
          0,
          null,
          0,
          0,
          0,
          0,
          0,
          0,
          0,
          0,
          0,
          0,
          0,
          null,
          0,
          0,
          0,
          0,
          null,
          0,
          0,
          0,
          0,
          null,
          null,
          0,
          0,
          0,
          0,
          null,
          0,
          0,
          0,
          0,
          null,
          0,
          null,
          0,
          0,
          0,
          0,
          0,
          0,
          null,
          null,
          null,
          null,
          0,
          0,
          null,
          0,
          0,
          null,
          0,
          0,
          0,
          0,
          0,
          0,
          null,
          0,
          null,
          0,
          0,
          null,
          0,
          0,
          null,
          null,
          0,
          null,
          0,
          0,
          0,
          0,
          0,
          0,
          0,
          null,
          0,
          0,
          null,
          0,
          0,
          0,
          0,
          0,
          0,
          0,
          0,
          0,
          null,
          0,
          0,
          0,
          0,
          null,
          0,
          0,
          null,
          null,
          0,
          0,
          0,
          0,
          0,
          0,
          0,
          0,
          0,
          0,
          0,
          0
        ],
        "branches": {
        }
      },
      "/home/erbrewer/Documents/Github/selt2022_teamprojects-team-6/app/controllers/students_controller.rb": {
        "lines": [
          0,
          null,
          0
        ],
        "branches": {
        }
      },
      "/home/erbrewer/Documents/Github/selt2022_teamprojects-team-6/app/controllers/experiences_controller.rb": {
        "lines": [
          0,
          null,
          null,
          0
        ],
        "branches": {
        }
      },
      "/home/erbrewer/Documents/Github/selt2022_teamprojects-team-6/app/controllers/profiles_controller.rb": {
        "lines": [
          0,
          null,
          0,
          null,
          0,
          0
        ],
        "branches": {
        }
      },
      "/home/erbrewer/Documents/Github/selt2022_teamprojects-team-6/app/models/faculty_profile.rb": {
        "lines": [
          0,
          null,
          0
        ],
        "branches": {
        }
      },
      "/home/erbrewer/Documents/Github/selt2022_teamprojects-team-6/app/models/profile.rb": {
        "lines": [
          0,
          null,
          null,
          0
        ],
        "branches": {
        }
      },
      "/home/erbrewer/Documents/Github/selt2022_teamprojects-team-6/app/models/university.rb": {
        "lines": [
          0,
          null,
          null,
          0,
          null
        ],
        "branches": {
        }
      },
      "/home/erbrewer/Documents/Github/selt2022_teamprojects-team-6/app/models/experience.rb": {
        "lines": [
          0,
          null,
          null,
          0,
          null
        ],
        "branches": {
        }
      },
      "/home/erbrewer/Documents/Github/selt2022_teamprojects-team-6/app/models/undergraduate_school.rb": {
        "lines": [
          0,
          0
        ],
        "branches": {
        }
      },
      "/home/erbrewer/Documents/Github/selt2022_teamprojects-team-6/app/models/department.rb": {
        "lines": [
          0,
          null,
          null,
          0,
          null
        ],
        "branches": {
        }
      }
    },
    "timestamp": 1669587901
  }
}
