{
  "RSpec": {
    "coverage": {
      "/Users/bendesollar/Desktop/School/SELT/RubymineProjects/selt2022_teamprojects-team-6/app/helpers/application_helper.rb": {
        "lines": [
          1,
          null
        ]
      },
      "/Users/bendesollar/Desktop/School/SELT/RubymineProjects/selt2022_teamprojects-team-6/app/helpers/movies_helper.rb": {
        "lines": [
          1,
          null,
          1,
          0,
          null,
          null
        ]
      },
      "/Users/bendesollar/Desktop/School/SELT/RubymineProjects/selt2022_teamprojects-team-6/app/helpers/resumes_helper.rb": {
        "lines": [
          1,
          null
        ]
      },
      "/Users/bendesollar/Desktop/School/SELT/RubymineProjects/selt2022_teamprojects-team-6/app/models/resume.rb": {
        "lines": [
          1,
          1,
          1,
          1,
          1,
          null,
          1,
          0,
          0,
          0,
          null,
          null,
          null
        ]
      },
      "/Users/bendesollar/Desktop/School/SELT/RubymineProjects/selt2022_teamprojects-team-6/app/uploaders/attachment_uploader.rb": {
        "lines": [
          1,
          1,
          null,
          1,
          0,
          null,
          null,
          1,
          0,
          null,
          null
        ]
      },
      "/Users/bendesollar/Desktop/School/SELT/RubymineProjects/selt2022_teamprojects-team-6/app/models/department.rb": {
        "lines": [
          0,
          null,
          0,
          0,
          0,
          0,
          null
        ],
        "branches": {
        }
      },
      "/Users/bendesollar/Desktop/School/SELT/RubymineProjects/selt2022_teamprojects-team-6/app/models/student.rb": {
        "lines": [
          0,
          null,
          0,
          0,
          0,
          0,
          0,
          0,
          null,
          0
        ],
        "branches": {
        }
      },
      "/Users/bendesollar/Desktop/School/SELT/RubymineProjects/selt2022_teamprojects-team-6/app/models/application.rb": {
        "lines": [
          0,
          0,
          0,
          0,
          0,
          null
        ],
        "branches": {
        }
      },
      "/Users/bendesollar/Desktop/School/SELT/RubymineProjects/selt2022_teamprojects-team-6/app/models/experiences.rb": {
        "lines": [
          0,
          null,
          0,
          null,
          0,
          null
        ],
        "branches": {
        }
      },
      "/Users/bendesollar/Desktop/School/SELT/RubymineProjects/selt2022_teamprojects-team-6/app/models/undergraduate_schools.rb": {
        "lines": [
          0,
          0,
          0
        ],
        "branches": {
        }
      },
      "/Users/bendesollar/Desktop/School/SELT/RubymineProjects/selt2022_teamprojects-team-6/app/models/faculty_member.rb": {
        "lines": [
          0,
          null,
          0,
          0,
          null,
          0
        ],
        "branches": {
        }
      },
      "/Users/bendesollar/Desktop/School/SELT/RubymineProjects/selt2022_teamprojects-team-6/app/models/profile.rb": {
        "lines": [
          0,
          0,
          null,
          0,
          0,
          0,
          0,
          0,
          0,
          null,
          0,
          null,
          0
        ],
        "branches": {
        }
      },
      "/Users/bendesollar/Desktop/School/SELT/RubymineProjects/selt2022_teamprojects-team-6/app/models/evaluation.rb": {
        "lines": [
          0,
          0,
          0,
          0,
          0,
          null,
          0,
          null
        ],
        "branches": {
        }
      },
      "/Users/bendesollar/Desktop/School/SELT/RubymineProjects/selt2022_teamprojects-team-6/app/models/application_record.rb": {
        "lines": [
          0,
          0,
          0
        ],
        "branches": {
        }
      },
      "/Users/bendesollar/Desktop/School/SELT/RubymineProjects/selt2022_teamprojects-team-6/app/models/university.rb": {
        "lines": [
          0,
          0,
          0,
          0,
          0,
          null
        ],
        "branches": {
        }
      },
      "/Users/bendesollar/Desktop/School/SELT/RubymineProjects/selt2022_teamprojects-team-6/app/controllers/application_controller.rb": {
        "lines": [
          0,
          null,
          null,
          0,
          0
        ],
        "branches": {
        }
      },
      "/Users/bendesollar/Desktop/School/SELT/RubymineProjects/selt2022_teamprojects-team-6/app/controllers/experiences_controller.rb": {
        "lines": [
          0,
          null,
          null,
          0
        ],
        "branches": {
        }
      },
      "/Users/bendesollar/Desktop/School/SELT/RubymineProjects/selt2022_teamprojects-team-6/app/controllers/students_controller.rb": {
        "lines": [
          0,
          0,
          0,
          0,
          0,
          null,
          null,
          0
        ],
        "branches": {
        }
      },
      "/Users/bendesollar/Desktop/School/SELT/RubymineProjects/selt2022_teamprojects-team-6/app/controllers/main_controller.rb": {
        "lines": [
          0,
          0,
          0,
          0,
          0,
          0,
          0,
          0,
          0,
          0,
          null,
          0,
          0,
          0,
          0,
          0,
          0,
          0,
          0,
          0,
          0,
          0,
          null,
          0,
          0,
          null,
          0,
          0,
          0,
          0,
          0,
          0,
          0,
          0,
          0,
          0,
          0,
          0,
          0,
          0,
          null,
          0,
          0,
          0,
          0,
          0,
          0,
          0,
          0,
          0,
          0,
          0,
          0,
          0,
          0,
          0,
          0,
          0,
          0,
          0,
          0,
          0,
          0,
          0,
          0,
          0,
          0,
          0,
          0,
          0,
          null,
          0,
          0,
          0,
          null,
          0,
          0,
          0,
          0,
          0,
          0,
          0,
          0,
          null,
          null,
          0,
          0,
          0,
          null,
          0,
          0,
          0,
          0,
          0,
          0,
          0,
          0,
          0,
          0,
          0,
          null,
          0,
          0,
          0,
          0,
          null,
          0,
          0,
          0,
          0,
          null,
          null,
          0,
          0,
          0,
          0,
          null,
          0,
          0,
          0,
          0,
          null,
          0,
          null,
          0,
          0,
          0,
          0,
          0,
          0,
          0,
          null,
          null,
          null,
          0,
          0,
          null,
          0,
          0,
          0,
          null,
          0,
          0,
          0,
          0,
          0,
          0,
          null,
          0,
          null,
          0,
          null,
          0,
          null,
          0,
          null,
          null,
          0,
          0,
          null,
          0,
          null,
          0,
          0,
          0,
          0,
          0,
          0,
          0,
          0,
          0,
          0,
          0,
          0,
          0,
          0,
          null,
          0,
          0,
          0,
          0,
          0,
          null,
          0,
          0,
          null,
          0,
          0,
          null,
          0,
          0,
          0,
          null,
          0,
          null,
          0,
          0,
          0,
          0,
          0,
          0,
          null,
          0,
          0,
          0,
          0,
          0,
          0,
          0,
          null,
          null,
          null,
          null,
          0,
          0,
          null,
          null,
          0,
          0,
          0,
          0,
          0,
          0,
          0,
          0,
          0,
          0,
          0,
          0,
          0,
          0,
          0,
          0,
          null,
          0,
          0,
          0,
          0,
          0,
          0,
          0,
          0,
          0,
          0,
          0,
          0,
          0,
          0,
          0,
          0,
          0,
          0,
          0,
          0,
          0,
          0,
          null,
          0,
          0,
          null,
          0,
          0,
          0,
          0,
          0,
          0,
          0,
          0,
          0,
          0,
          0,
          0,
          0,
          0,
          0,
          0,
          0,
          0,
          0,
          0,
          0,
          0,
          null,
          0,
          0,
          0,
          null,
          0,
          0,
          0,
          0,
          0,
          0,
          0
        ],
        "branches": {
        }
      },
      "/Users/bendesollar/Desktop/School/SELT/RubymineProjects/selt2022_teamprojects-team-6/app/controllers/profiles_controller.rb": {
        "lines": [
          0,
          null,
          0,
          0,
          0,
          0,
          0,
          0,
          0,
          0,
          0,
          0,
          0,
          0,
          null,
          0,
          0
        ],
        "branches": {
        }
      },
      "/Users/bendesollar/Desktop/School/SELT/RubymineProjects/selt2022_teamprojects-team-6/app/controllers/resumes_controller.rb": {
        "lines": [
          0,
          0,
          0,
          0,
          null,
          0,
          0,
          0,
          0,
          null,
          0,
          0,
          0,
          0,
          0,
          0,
          0,
          0,
          0,
          null,
          0,
          null,
          0,
          0,
          0,
          0,
          0,
          0,
          null,
          0,
          0,
          0,
          0,
          null,
          0
        ],
        "branches": {
        }
      },
      "/Users/bendesollar/Desktop/School/SELT/RubymineProjects/selt2022_teamprojects-team-6/app/controllers/faculty_members_controller.rb": {
        "lines": [
          0,
          0,
          0,
          null,
          0,
          0,
          0,
          0,
          0,
          0,
          null,
          0,
          0,
          0,
          null,
          0,
          0,
          0,
          0,
          0,
          0,
          0,
          0,
          0,
          0,
          0,
          0,
          null,
          0,
          0,
          0,
          0,
          0,
          0,
          0,
          0,
          0,
          null,
          0,
          0,
          0,
          0,
          0,
          0,
          0,
          null,
          0,
          0,
          0,
          0,
          0,
          null,
          null,
          0,
          0,
          0,
          0,
          0,
          0,
          0,
          0,
          0,
          0,
          0,
          0,
          0,
          0,
          null,
          0,
          0,
          0,
          0,
          0,
          0,
          null,
          0,
          0,
          0,
          0,
          0,
          0,
          null,
          0,
          null,
          0,
          null,
          0,
          null
        ],
        "branches": {
        }
      }
    },
    "timestamp": 1670279066
  }
}
